   Compiling proc-macro2 v1.0.106
   Compiling quote v1.0.45
   Compiling unicode-ident v1.0.24
   Compiling serde_core v1.0.228
    Checking pin-project-lite v0.2.17
   Compiling serde v1.0.228
   Compiling libc v0.2.186
   Compiling crossbeam-utils v0.8.21
    Checking parking v2.2.1
   Compiling winnow v1.0.3
    Checking concurrent-queue v2.5.0
   Compiling syn v2.0.117
    Checking futures-core v0.3.32
   Compiling hashbrown v0.17.1
   Compiling equivalent v1.0.2
   Compiling toml_parser v1.1.2+spec-1.1.0
   Compiling indexmap v2.14.0
    Checking cfg-if v1.0.4
   Compiling toml_datetime v1.1.1+spec-1.1.0
   Compiling toml_edit v0.25.12+spec-1.1.0
    Checking futures-io v0.3.32
    Checking fastrand v2.4.1
   Compiling proc-macro-crate v3.5.0
    Checking event-listener v5.4.1
   Compiling rustix v1.1.4
    Checking event-listener-strategy v0.5.4
    Checking futures-lite v2.6.1
    Checking bitflags v2.13.0
    Checking slab v0.4.12
    Checking linux-raw-sys v0.12.1
   Compiling autocfg v1.5.1
   Compiling async-io v2.6.0
    Checking errno v0.3.14
   Compiling parking_lot_core v0.9.12
    Checking signal-hook-registry v1.4.8
    Checking async-task v4.7.1
   Compiling endi v1.1.1
    Checking scopeguard v1.2.0
    Checking smallvec v1.15.2
   Compiling serde_derive v1.0.228
   Compiling enumflags2_derive v0.7.12
    Checking lock_api v0.4.14
    Checking async-channel v2.5.0
    Checking atomic-waker v1.1.2
    Checking once_cell v1.21.4
    Checking piper v0.2.5
    Checking tracing-core v0.1.36
    Checking parking_lot v0.12.5
   Compiling tokio-macros v2.7.0
   Compiling tracing-attributes v0.1.31
    Checking async-lock v3.4.2
    Checking socket2 v0.6.4
    Checking polling v3.11.0
    Checking mio v1.2.1
    Checking bytes v1.11.1
    Checking async-signal v0.2.14
    Checking async-process v2.5.0
    Checking tokio v1.52.3
   Compiling zvariant_utils v3.4.0
   Compiling enumflags2 v0.7.12
    Checking tracing v0.1.44
    Checking blocking v1.6.2
   Compiling async-trait v0.1.89
   Compiling zvariant_derive v5.12.0
   Compiling async-recursion v1.1.1
   Compiling serde_repr v0.1.20
    Checking async-executor v1.14.0
    Checking uuid v1.23.3
   Compiling zvariant v5.12.0
    Checking async-broadcast v0.7.2
    Checking ordered-stream v0.2.0
   Compiling zmij v1.0.21
    Checking hex v0.4.3
   Compiling futures-macro v0.3.32
    Checking futures-task v0.3.32
   Compiling serde_json v1.0.150
    Checking futures-util v0.3.32
    Checking zbus_names v4.3.2
    Checking dirs-sys-next v0.1.2
    Checking itoa v1.0.18
   Compiling pastey v0.2.3
    Checking log v0.4.32
    Checking memchr v2.8.2
   Compiling zbus_macros v5.16.0
    Checking dirs-next v2.0.0
    Checking zbus v5.16.0
    Checking ksni v0.3.5
    Checking notify-rust v4.17.0
    Checking headsetcontrol-tray v0.1.0 (/app/headsetcontrol-tray)
warning: fields `voltage_mv`, `time_to_empty_min`, and `time_to_full_min` are never read
  --> src/headset_cli.rs:8:9
   |
 5 | pub struct BatteryInfo {
   |            ----------- fields in this struct
...
 8 |     pub voltage_mv: Option<i32>,
   |         ^^^^^^^^^^
 9 |     pub time_to_empty_min: Option<i32>,
   |         ^^^^^^^^^^^^^^^^^
10 |     pub time_to_full_min: Option<i32>,
   |         ^^^^^^^^^^^^^^^^
   |
   = note: `BatteryInfo` has derived impls for the traits `Clone` and `Debug`, but these are intentionally ignored during dead code analysis
   = note: `#[warn(dead_code)]` (part of `#[warn(unused)]`) on by default

warning: fields `id_vendor` and `id_product` are never read
  --> src/headset_cli.rs:18:9
   |
14 | pub struct DeviceInfo {
   |            ---------- fields in this struct
...
18 |     pub id_vendor: String,
   |         ^^^^^^^^^
19 |     pub id_product: String,
   |         ^^^^^^^^^^
   |
   = note: `DeviceInfo` has derived impls for the traits `Clone` and `Debug`, but these are intentionally ignored during dead code analysis

warning: `headsetcontrol-tray` (bin "headsetcontrol-tray") generated 2 warnings
    Finished `dev` profile [unoptimized + debuginfo] target(s) in 25.70s
